ISim log file
Running: C:\Users\Don_Zhou\Desktop\study\CO\P6\P6CPU 1.0\tb_isim_beh.exe -intstyle ise -gui -tclbatch isim.cmd -wdb C:/Users/Don_Zhou/Desktop/study/CO/P6/P6CPU 1.0/tb_isim_beh.wdb 
ISim P.20131013 (signature 0x7708f090)
This is a Full version of ISim.
Time resolution is 1 ps
# onerror resume
# wave add /
# run 1000 ns
Simulator is doing circuit initialization process.
Finished circuit initialization process.
                 110@00003000: $ 9 <= 00000001
                 390@0000300c: $ 8 <= ffffffff
                 410@00003010: $10 <= 00000001
                 450@00003018: $ 9 <= 00000000
                 470@0000301c: $ 1 <= ffff0000
                 490@00003020: $ 1 <= fffffffc
                 510@00003024: $ 9 <= 00000000
                 510@00003028: *00000040 <= 00000001
                 550@0000302c: $11 <= 00000000
                 570@00003030: $11 <= 00000000
                 610@00003038: $ 9 <= 00000001
                 630@0000303c: $ 9 <= 00000000
                 670@00003044: $ 1 <= ffff0000
                 690@00003048: $ 1 <= fffffffc
                 710@0000304c: $ 9 <= 00000000
                 730@00003050: $11 <= 00000000
                 770@00003054: $11 <= 00000000
                 790@00003058: $10 <= 00000000
                 810@0000305c: $ 8 <= ffffffff
                 850@00003064: $ 1 <= ffff0000
                 870@00003068: $ 1 <= fffffffc
                 910@00003070: $ 9 <= 00000000
                 930@00003074: $ 8 <= 00000000
                 950@00003078: $10 <= 00000000
                 970@0000307c: $ 9 <= 00000000
                 990@00003080: $ 1 <= ffff0000
The simulator has terminated in an unexpected manner.  Please review the ISim log (isim.log) for details.
